#
# There is insufficient memory for the Java Runtime Environment to continue.
# Native memory allocation (mmap) failed to map 132120576 bytes for G1 virtual space
# Possible reasons:
#   The system is out of physical RAM or swap space
#   The process is running with CompressedOops enabled, and the Java Heap may be blocking the growth of the native heap
# Possible solutions:
#   Reduce memory load on the system
#   Increase physical memory or swap space
#   Check if swap backing store is full
#   Decrease Java heap size (-Xmx/-Xms)
#   Decrease number of Java threads
#   Decrease Java thread stack sizes (-Xss)
#   Set larger code cache with -XX:ReservedCodeCacheSize=
#   JVM is running with Unscaled Compressed Oops mode in which the Java heap is
#     placed in the first 4GB address space. The Java Heap base address is the
#     maximum limit for the native heap growth. Please use -XX:HeapBaseMinAddress
#     to set the Java Heap base and to place the Java Heap above 4GB virtual address.
# This output file may be truncated or incomplete.
#
#  Out of Memory Error (os_windows.cpp:3548), pid=36528, tid=90448
#
# JRE version:  (17.0.13+10) (build )
# Java VM: Java HotSpot(TM) 64-Bit Server VM (17.0.13+10-LTS-268, mixed mode, sharing, tiered, compressed oops, compressed class ptrs, g1 gc, windows-amd64)
# No core dump will be written. Minidumps are not enabled by default on client versions of Windows
#

---------------  S U M M A R Y ------------

Command Line: C:\Users\Dinesh\AppData\Local\Temp\surefire9162340303916565143\surefirebooter-20241205135127814_3.jar C:\Users\Dinesh\AppData\Local\Temp\surefire9162340303916565143 2024-12-05T13-51-27_466-jvmRun1 surefire-20241205135127814_1tmp surefire_0-20241205135127814_2tmp

Host: Intel(R) Core(TM) i5-10210U CPU @ 1.60GHz, 8 cores, 7G,  Windows 10 , 64 bit Build 19041 (10.0.19041.5072)
Time: Thu Dec  5 13:51:28 2024 Sri Lanka Standard Time elapsed time: 0.018148 seconds (0d 0h 0m 0s)

---------------  T H R E A D  ---------------

Current thread (0x000002bb3328b8b0):  JavaThread "Unknown thread" [_thread_in_vm, id=90448, stack(0x000000cf58b00000,0x000000cf58c00000)]

Stack: [0x000000cf58b00000,0x000000cf58c00000]
Native frames: (J=compiled Java code, j=interpreted, Vv=VM code, C=native code)
V  [jvm.dll+0x67a23a]
V  [jvm.dll+0x7da96d]
V  [jvm.dll+0x7dc2b3]
V  [jvm.dll+0x7dc923]
V  [jvm.dll+0x2450ef]
V  [jvm.dll+0x677279]
V  [jvm.dll+0x66bf22]
V  [jvm.dll+0x302006]
V  [jvm.dll+0x3095a6]
V  [jvm.dll+0x359e9e]
V  [jvm.dll+0x35a0cf]
V  [jvm.dll+0x2d90d8]
V  [jvm.dll+0x2da044]
V  [jvm.dll+0x7ace81]
V  [jvm.dll+0x367701]
V  [jvm.dll+0x78bcc9]
V  [jvm.dll+0x3ec9bf]
V  [jvm.dll+0x3ee5f1]
C  [jli.dll+0x5297]
C  [ucrtbase.dll+0x21bb2]
C  [KERNEL32.DLL+0x17374]
C  [ntdll.dll+0x4cc91]


---------------  P R O C E S S  ---------------

Threads class SMR info:
_java_thread_list=0x00007ffcd2b38a18, length=0, elements={
}

Java Threads: ( => current thread )

Other Threads:
  0x000002bb332e5720 GCTaskThread "GC Thread#0" [stack: 0x000000cf58c00000,0x000000cf58d00000] [id=70448]
  0x000002bb332f6e90 ConcurrentGCThread "G1 Main Marker" [stack: 0x000000cf58d00000,0x000000cf58e00000] [id=98272]
  0x000002bb332f7e50 ConcurrentGCThread "G1 Conc#0" [stack: 0x000000cf58e00000,0x000000cf58f00000] [id=135620]

[error occurred during error reporting (printing all threads), id 0xc0000005, EXCEPTION_ACCESS_VIOLATION (0xc0000005) at pc=0x00007ffcd2369bc7]

VM state: not at safepoint (not fully initialized)

VM Mutex/Monitor currently owned by a thread:  ([mutex/lock_event])
[0x000002bb33287740] Heap_lock - owner thread: 0x000002bb3328b8b0

Heap address: 0x0000000083000000, size: 2000 MB, Compressed Oops mode: 32-bit

CDS archive(s) mapped at: [0x0000000000000000-0x0000000000000000-0x0000000000000000), size 0, SharedBaseAddress: 0x0000000800000000, ArchiveRelocationMode: 1.
Narrow klass base: 0x0000000000000000, Narrow klass shift: 0, Narrow klass range: 0x0

GC Precious Log:
<Empty>

Heap:
 garbage-first heap   total 0K, used 0K [0x0000000083000000, 0x0000000100000000)
  region size 1024K, 0 young (0K), 0 survivors (0K)

[error occurred during error reporting (printing heap information), id 0xc0000005, EXCEPTION_ACCESS_VIOLATION (0xc0000005) at pc=0x00007ffcd2753a29]

GC Heap History (0 events):
No events

Deoptimization events (0 events):
No events

Classes unloaded (0 events):
No events

Classes redefined (0 events):
No events

Internal exceptions (0 events):
No events

VM Operations (0 events):
No events

Events (1 events):
Event: 0.010 Loaded shared library C:\Program Files\Java\jdk-17\bin\java.dll


Dynamic libraries:
0x00007ff6a4010000 - 0x00007ff6a4020000 	C:\Program Files\Java\jdk-17\bin\java.exe
0x00007ffda8090000 - 0x00007ffda8288000 	C:\Windows\SYSTEM32\ntdll.dll
0x00007ffda73e0000 - 0x00007ffda74a2000 	C:\Windows\System32\KERNEL32.DLL
0x00007ffda5a80000 - 0x00007ffda5d7e000 	C:\Windows\System32\KERNELBASE.dll
0x00007ffda5930000 - 0x00007ffda5a30000 	C:\Windows\System32\ucrtbase.dll
0x00007ffd65f40000 - 0x00007ffd65f59000 	C:\Program Files\Java\jdk-17\bin\jli.dll
0x00007ffd72470000 - 0x00007ffd7248b000 	C:\Program Files\Java\jdk-17\bin\VCRUNTIME140.dll
0x00007ffda7e60000 - 0x00007ffda7f11000 	C:\Windows\System32\ADVAPI32.dll
0x00007ffda6290000 - 0x00007ffda632e000 	C:\Windows\System32\msvcrt.dll
0x00007ffda6110000 - 0x00007ffda61af000 	C:\Windows\System32\sechost.dll
0x00007ffda6520000 - 0x00007ffda6643000 	C:\Windows\System32\RPCRT4.dll
0x00007ffda57a0000 - 0x00007ffda57c7000 	C:\Windows\System32\bcrypt.dll
0x00007ffda6e50000 - 0x00007ffda6fed000 	C:\Windows\System32\USER32.dll
0x00007ffda5fe0000 - 0x00007ffda6002000 	C:\Windows\System32\win32u.dll
0x00007ffda6ff0000 - 0x00007ffda701b000 	C:\Windows\System32\GDI32.dll
0x00007ffd8fe40000 - 0x00007ffd900da000 	C:\Windows\WinSxS\amd64_microsoft.windows.common-controls_6595b64144ccf1df_6.0.19041.4355_none_60b8b9eb71f62e16\COMCTL32.dll
0x00007ffda5d80000 - 0x00007ffda5e97000 	C:\Windows\System32\gdi32full.dll
0x00007ffda6010000 - 0x00007ffda60ad000 	C:\Windows\System32\msvcp_win.dll
0x00007ffd9e870000 - 0x00007ffd9e87a000 	C:\Windows\SYSTEM32\VERSION.dll
0x00007ffda6330000 - 0x00007ffda635f000 	C:\Windows\System32\IMM32.DLL
0x00007ffd89460000 - 0x00007ffd8946c000 	C:\Program Files\Java\jdk-17\bin\vcruntime140_1.dll
0x00007ffd5d8a0000 - 0x00007ffd5d92e000 	C:\Program Files\Java\jdk-17\bin\msvcp140.dll
0x00007ffcd2080000 - 0x00007ffcd2c61000 	C:\Program Files\Java\jdk-17\bin\server\jvm.dll
0x00007ffda6510000 - 0x00007ffda6518000 	C:\Windows\System32\PSAPI.DLL
0x00007ffd8c630000 - 0x00007ffd8c639000 	C:\Windows\SYSTEM32\WSOCK32.dll
0x00007ffd95b40000 - 0x00007ffd95b67000 	C:\Windows\SYSTEM32\WINMM.dll
0x00007ffda6d20000 - 0x00007ffda6d8b000 	C:\Windows\System32\WS2_32.dll
0x00007ffda3f60000 - 0x00007ffda3f72000 	C:\Windows\SYSTEM32\kernel.appcore.dll
0x00007ffd83930000 - 0x00007ffd8393a000 	C:\Program Files\Java\jdk-17\bin\jimage.dll
0x00007ffda3c30000 - 0x00007ffda3e14000 	C:\Windows\SYSTEM32\DBGHELP.DLL
0x00007ffd8c7f0000 - 0x00007ffd8c824000 	C:\Windows\SYSTEM32\dbgcore.DLL
0x00007ffda5f50000 - 0x00007ffda5fd2000 	C:\Windows\System32\bcryptPrimitives.dll
0x00007ffd5e070000 - 0x00007ffd5e095000 	C:\Program Files\Java\jdk-17\bin\java.dll

dbghelp: loaded successfully - version: 4.0.5 - missing functions: none
symbol engine: initialized successfully - sym options: 0x614 - pdb path: .;C:\Program Files\Java\jdk-17\bin;C:\Windows\SYSTEM32;C:\Windows\WinSxS\amd64_microsoft.windows.common-controls_6595b64144ccf1df_6.0.19041.4355_none_60b8b9eb71f62e16;C:\Program Files\Java\jdk-17\bin\server

VM Arguments:
java_command: C:\Users\Dinesh\AppData\Local\Temp\surefire9162340303916565143\surefirebooter-20241205135127814_3.jar C:\Users\Dinesh\AppData\Local\Temp\surefire9162340303916565143 2024-12-05T13-51-27_466-jvmRun1 surefire-20241205135127814_1tmp surefire_0-20241205135127814_2tmp
java_class_path (initial): C:\Users\Dinesh\AppData\Local\Temp\surefire9162340303916565143\surefirebooter-20241205135127814_3.jar
Launcher Type: SUN_STANDARD

[Global flags]
     intx CICompilerCount                          = 4                                         {product} {ergonomic}
     uint ConcGCThreads                            = 2                                         {product} {ergonomic}
     uint G1ConcRefinementThreads                  = 8                                         {product} {ergonomic}
   size_t G1HeapRegionSize                         = 1048576                                   {product} {ergonomic}
    uintx GCDrainStackTargetSize                   = 64                                        {product} {ergonomic}
   size_t InitialHeapSize                          = 132120576                                 {product} {ergonomic}
   size_t MarkStackSize                            = 4194304                                   {product} {ergonomic}
   size_t MaxHeapSize                              = 2097152000                                {product} {ergonomic}
   size_t MinHeapDeltaBytes                        = 1048576                                   {product} {ergonomic}
   size_t MinHeapSize                              = 8388608                                   {product} {ergonomic}
    uintx NonNMethodCodeHeapSize                   = 5839372                                {pd product} {ergonomic}
    uintx NonProfiledCodeHeapSize                  = 122909434                              {pd product} {ergonomic}
    uintx ProfiledCodeHeapSize                     = 122909434                              {pd product} {ergonomic}
    uintx ReservedCodeCacheSize                    = 251658240                              {pd product} {ergonomic}
     bool SegmentedCodeCache                       = true                                      {product} {ergonomic}
   size_t SoftMaxHeapSize                          = 2097152000                             {manageable} {ergonomic}
     bool UseCompressedClassPointers               = true                           {product lp64_product} {ergonomic}
     bool UseCompressedOops                        = true                           {product lp64_product} {ergonomic}
     bool UseG1GC                                  = true                                      {product} {ergonomic}
     bool UseLargePagesIndividualAllocation        = false                                  {pd product} {ergonomic}

Logging:
Log output configuration:
 #0: stdout all=warning uptime,level,tags
 #1: stderr all=off uptime,level,tags

Environment Variables:
JAVA_HOME=C:\Program Files\Java\jdk-17
PATH=C:\Program Files\Common Files\Oracle\Java\javapath;C:\Program Files (x86)\Common Files\Oracle\Java\javapath;C:\Users\Dinesh\AppData\Local\Programs\Python\Python312\Scripts\;C:\Users\Dinesh\AppData\Local\Programs\Python\Python312\;C:\oracle\bin;C:\Windows\system32;C:\Windows;C:\Windows\System32\Wbem;C:\Windows\System32\WindowsPowerShell\v1.0\;C:\Windows\System32\OpenSSH\;D:\SonarCube\sonar-scanner-4.7.0.2747-windows\bin;C:\Program Files\dotnet\;C:\xampp\php;C:\ProgramData\ComposerSetup\bin;C:\flutter\bin;C:\mongosh-1.10.0-win32-x64\bin;C:\apache-maven-3.9.2\bin;C:\Java\jdk1.8.0_291\bin;C:\Program Files\Graphviz\bin;C:\Program Files\nodejs\;C:\ProgramData\chocolatey\bin;C:\Program Files\Git\cmd;C:\Program Files\Microsoft SQL Server\150\Tools\Binn\;C:\Program Files (x86)\Microsoft SQL Server\160\DTS\Binn\;C:\Program Files\Azure Data Studio\bin;C:\Program Files (x86)\Microsoft SQL Server\160\Tools\Binn\;C:\Program Files\Microsoft SQL Server\160\Tools\Binn\;C:\Program Files\Microsoft SQL Server\Client SDK\ODBC\170\Tools\Binn\;C:\Program Files\Microsoft SQL Server\160\DTS\Binn\;C:\Program Files\Docker\Docker\resources\bin;C:\minikube;D:\helm\windows-amd64;D:\Ruby32-x64\bin;C:\Users\Dinesh\scoop\shims;C:\Program Files\Java\jdk1.8.0_361\bin;C:\Users\Dinesh\AppData\Local\Programs\Microsoft VS Code\bin;D:\IntelliJ IDEA 2023.2.1\bin;;C:\Users\Dinesh\.dotnet\tools;C:\Users\Dinesh\AppData\Roaming\npm;C:\Program Files\Azure Data Studio\bin;D:\helm\windows-amd64;
USERNAME=Dinesh
OS=Windows_NT
PROCESSOR_IDENTIFIER=Intel64 Family 6 Model 142 Stepping 12, GenuineIntel



---------------  S Y S T E M  ---------------

OS:
 Windows 10 , 64 bit Build 19041 (10.0.19041.5072)
OS uptime: 0 days 22:15 hours
Hyper-V role detected

CPU: total 8 (initial active 8) (4 cores per cpu, 2 threads per core) family 6 model 142 stepping 12 microcode 0xfa, cx8, cmov, fxsr, ht, mmx, 3dnowpref, sse, sse2, sse3, ssse3, sse4.1, sse4.2, popcnt, lzcnt, tsc, tscinvbit, avx, avx2, aes, erms, clmul, bmi1, bmi2, adx, fma, vzeroupper, clflush, clflushopt, hv

Memory: 4k page, system-wide physical 7995M (544M free)
TotalPageFile size 24007M (AvailPageFile size 48M)
current process WorkingSet (physical memory assigned to process): 10M, peak: 10M
current process commit charge ("private bytes"): 60M, peak: 186M

vm_info: Java HotSpot(TM) 64-Bit Server VM (17.0.13+10-LTS-268) for windows-amd64 JRE (17.0.13+10-LTS-268), built on Sep 30 2024 06:33:13 by "mach5one" with MS VC++ 17.6 (VS2022)

END.
